<?xml version="1.0" encoding="UTF-8"?>
<testsuite xmlns:xsi="http://www.w3.org/2001/XMLSchema-instance" xsi:noNamespaceSchemaLocation="https://maven.apache.org/surefire/maven-surefire-plugin/xsd/surefire-test-report-3.0.xsd" version="3.0" name="com.myself.tabunganq.TabunganqApplicationTests" time="4.295" tests="1" errors="0" skipped="0" failures="0">
  <properties>
[...]
</properties>
  <testcase name="contextLoads" classname="com.myself.tabunganq.TabunganqApplicationTests" time="0.899">
    <system-out><![CDATA[08:56:44.346 [main] INFO org.springframework.test.context.support.AnnotationConfigContextLoaderUtils -- Could not detect default configuration classes for test class [com.myself.tabunganq.TabunganqApplicationTests]: TabunganqApplicationTests does not declare any static, non-private, non-final, nested classes annotated with @Configuration.
08:56:44.461 [main] INFO org.springframework.boot.test.context.SpringBootTestContextBootstrapper -- Found @SpringBootConfiguration com.myself.tabunganq.TabunganqApplication for test class com.myself.tabunganq.TabunganqApplicationTests

  .   ____          _            __ _ _
 /\\ / ___'_ __ _ _(_)_ __  __ _ \ \ \ \
( ( )\___ | '_ | '_| | '_ \/ _` | \ \ \ \
 \\/  ___)| |_)| | | | | || (_| |  ) ) ) )
  '  |____| .__|_| |_|_| |_\__, | / / / /
 =========|_|==============|___/=/_/_/_/
 :: Spring Boot ::               (v3.1.12)

2024-06-11T08:56:45.078+07:00  INFO 14260 --- [           main] c.m.tabunganq.TabunganqApplicationTests  : Starting TabunganqApplicationTests using Java 22.0.1 with PID 14260 (started by l-099 in C:\Training\tabunganq)
2024-06-11T08:56:45.080+07:00  INFO 14260 --- [           main] c.m.tabunganq.TabunganqApplicationTests  : No active profile set, falling back to 1 default profile: "default"
2024-06-11T08:56:45.964+07:00  INFO 14260 --- [           main] com.zaxxer.hikari.HikariDataSource       : Supabase-Masterdata - Starting...
2024-06-11T08:56:46.927+07:00  INFO 14260 --- [           main] com.zaxxer.hikari.pool.HikariPool        : Supabase-Masterdata - Added connection org.postgresql.jdbc.PgConnection@79d82f66
2024-06-11T08:56:46.930+07:00  INFO 14260 --- [           main] com.zaxxer.hikari.HikariDataSource       : Supabase-Masterdata - Start completed.
2024-06-11T08:56:47.539+07:00  INFO 14260 --- [           main] c.m.tabunganq.TabunganqApplicationTests  : Started TabunganqApplicationTests in 2.922 seconds (process running for 3.913)
]]></system-out>
    <system-err><![CDATA[WARNING: A Java agent has been loaded dynamically (C:\Users\Gilar\.m2\repository\net\bytebuddy\byte-buddy-agent\1.14.16\byte-buddy-agent-1.14.16.jar)
WARNING: If a serviceability tool is in use, please run with -XX:+EnableDynamicAgentLoading to hide this warning
WARNING: If a serviceability tool is not in use, please run with -Djdk.instrument.traceUsage for more information
WARNING: Dynamic loading of agents will be disallowed by default in a future release
]]></system-err>
  </testcase>
</testsuite>